<?xml version="1.0" encoding="UTF-8"?>
<TestRun id="82a7e929-1e0d-44a5-a6a5-e9fb1aaf91d9" name="raghug@RAGHUGDDSK8R 2012-06-12 21:04:06" runUser="REDMOND\raghug" xmlns="http://microsoft.com/schemas/VisualStudio/TeamTest/2010">
  <TestSettings name="Local" id="0a033359-9003-4ffc-8645-7fa61a9369c1">
    <Description>These are default test settings for a local test run.</Description>
    <Deployment userDeploymentRoot="C:\mydev\mynglzall\mynglz\Incyte\TestResults" useDefaultDeploymentRoot="false" enabled="false" runDeploymentRoot="raghug_RAGHUGDDSK8R 2012-06-12 21_04_06">
      <DeploymentItem filename="C:\mydev\mynglzall\mynglz\Incyte\BusinessLayer\bin\Debug\BusinessLayer.dll" />
      <DeploymentItem filename="C:\mydev\mynglzall\mynglz\Incyte\ResourceLayer\bin\Debug\ResourceLayer.dll" />
    </Deployment>
    <Execution>
      <TestTypeSpecific />
      <AgentRule name="Execution Agents">
      </AgentRule>
    </Execution>
  </TestSettings>
  <Times creation="2012-06-12T21:04:06.1759068-07:00" queuing="2012-06-12T21:04:06.1889068-07:00" start="2012-06-12T21:04:06.2029068-07:00" finish="2012-06-12T21:04:06.5219068-07:00" />
  <ResultSummary outcome="Completed">
    <Counters total="1" executed="1" passed="1" error="0" failed="0" timeout="0" aborted="0" inconclusive="0" passedButRunAborted="0" notRunnable="0" notExecuted="0" disconnected="0" warning="0" completed="0" inProgress="0" pending="0" />
  </ResultSummary>
  <TestDefinitions>
    <UnitTest name="UserChatAddDB" storage="c:\mydev\mynglzall\mynglz\incyte\test\bin\debug\test.dll" id="d4401b7d-ccb6-68cc-17f0-2a326fd1a46f">
      <Execution id="5fb2e1d3-6ded-4dd1-8514-10516af34e97" />
      <TestMethod codeBase="C:/mydev/mynglzall/mynglz/Incyte/Test/bin/Debug/Test.DLL" adapterTypeName="Microsoft.VisualStudio.TestTools.TestTypes.Unit.UnitTestAdapter, Microsoft.VisualStudio.QualityTools.Tips.UnitTest.Adapter, Version=10.0.0.0, Culture=neutral, PublicKeyToken=b03f5f7f11d50a3a" className="Test.UserServiceTestDB, Test, Version=1.0.0.0, Culture=neutral, PublicKeyToken=null" name="UserChatAddDB" />
    </UnitTest>
  </TestDefinitions>
  <TestLists>
    <TestList name="Results Not in a List" id="8c84fa94-04c1-424b-9868-57a2d4851a1d" />
    <TestList name="All Loaded Results" id="19431567-8539-422a-85d7-44ee4e166bda" />
  </TestLists>
  <TestEntries>
    <TestEntry testId="d4401b7d-ccb6-68cc-17f0-2a326fd1a46f" executionId="5fb2e1d3-6ded-4dd1-8514-10516af34e97" testListId="8c84fa94-04c1-424b-9868-57a2d4851a1d" />
  </TestEntries>
  <Results>
    <UnitTestResult executionId="5fb2e1d3-6ded-4dd1-8514-10516af34e97" testId="d4401b7d-ccb6-68cc-17f0-2a326fd1a46f" testName="UserChatAddDB" computerName="RAGHUGDDSK8R" duration="00:00:00.0383944" startTime="2012-06-12T21:04:06.2299068-07:00" endTime="2012-06-12T21:04:06.4969068-07:00" testType="13cdc9d9-ddb5-4fa4-a97d-d965ccfc6d4b" outcome="Passed" testListId="8c84fa94-04c1-424b-9868-57a2d4851a1d" relativeResultsDirectory="5fb2e1d3-6ded-4dd1-8514-10516af34e97">
    </UnitTestResult>
  </Results>
</TestRun>