<?xml version="1.0" encoding="UTF-8"?>
<TestRun id="303fd2ff-a2ba-4c8d-b3bb-42827741a7f8" name="raghug@RAGHUGDDSK8R 2012-04-27 17:34:52" runUser="REDMOND\raghug" xmlns="http://microsoft.com/schemas/VisualStudio/TeamTest/2010">
  <TestSettings name="Local" id="0a033359-9003-4ffc-8645-7fa61a9369c1">
    <Description>These are default test settings for a local test run.</Description>
    <Deployment enabled="false" runDeploymentRoot="raghug_RAGHUGDDSK8R 2012-04-27 17_34_52">
      <DeploymentItem filename="C:\mydev\Incyte\BusinessLayer\bin\Debug\BusinessLayer.dll" />
      <DeploymentItem filename="C:\mydev\Incyte\ResourceLayer\bin\Debug\ResourceLayer.dll" />
    </Deployment>
    <Execution>
      <TestTypeSpecific />
      <AgentRule name="Execution Agents">
      </AgentRule>
    </Execution>
  </TestSettings>
  <Times creation="2012-04-27T17:34:52.1387317-07:00" queuing="2012-04-27T17:34:52.1567317-07:00" start="2012-04-27T17:34:52.1957317-07:00" finish="2012-04-27T17:34:53.6017317-07:00" />
  <ResultSummary outcome="Completed">
    <Counters total="16" executed="16" passed="16" error="0" failed="0" timeout="0" aborted="0" inconclusive="0" passedButRunAborted="0" notRunnable="0" notExecuted="0" disconnected="0" warning="0" completed="0" inProgress="0" pending="0" />
  </ResultSummary>
  <TestDefinitions>
    <UnitTest name="RevertInterestFail" storage="c:\mydev\incyte\test\bin\debug\test.dll" id="18056dad-9179-f403-55c3-5e1268fa1b27">
      <Execution id="3e49f65d-eca0-46a7-9c36-390ba3620767" />
      <TestMethod codeBase="C:/mydev/Incyte/Test/bin/Debug/Test.DLL" adapterTypeName="Microsoft.VisualStudio.TestTools.TestTypes.Unit.UnitTestAdapter, Microsoft.VisualStudio.QualityTools.Tips.UnitTest.Adapter, Version=10.0.0.0, Culture=neutral, PublicKeyToken=b03f5f7f11d50a3a" className="Test.UserServiceTest, Test, Version=1.0.0.0, Culture=neutral, PublicKeyToken=null" name="RevertInterestFail" />
    </UnitTest>
    <UnitTest name="UserInfoCreateDB" storage="c:\mydev\incyte\test\bin\debug\test.dll" id="f9ab5fc8-03a3-f296-790c-13d47ef8153f">
      <Execution id="1ed144c6-e075-42e2-9994-4fff6e6a8234" />
      <TestMethod codeBase="C:/mydev/Incyte/Test/bin/Debug/Test.DLL" adapterTypeName="Microsoft.VisualStudio.TestTools.TestTypes.Unit.UnitTestAdapter, Microsoft.VisualStudio.QualityTools.Tips.UnitTest.Adapter, Version=10.0.0.0, Culture=neutral, PublicKeyToken=b03f5f7f11d50a3a" className="Test.UserServiceTestDB, Test, Version=1.0.0.0, Culture=neutral, PublicKeyToken=null" name="UserInfoCreateDB" />
    </UnitTest>
    <UnitTest name="Hangup" storage="c:\mydev\incyte\test\bin\debug\test.dll" id="bb01bdb4-8334-c16a-f8c2-ae73eedf59ac">
      <Execution id="88f85cad-524b-40f3-a177-40290ff0642c" />
      <TestMethod codeBase="C:/mydev/Incyte/Test/bin/Debug/Test.DLL" adapterTypeName="Microsoft.VisualStudio.TestTools.TestTypes.Unit.UnitTestAdapter, Microsoft.VisualStudio.QualityTools.Tips.UnitTest.Adapter, Version=10.0.0.0, Culture=neutral, PublicKeyToken=b03f5f7f11d50a3a" className="Test.UserServiceTest, Test, Version=1.0.0.0, Culture=neutral, PublicKeyToken=null" name="Hangup" />
    </UnitTest>
    <UnitTest name="BusinessGetWithDB" storage="c:\mydev\incyte\test\bin\debug\test.dll" id="a326f777-49b1-c27d-14ef-d9db5992cda0">
      <Execution id="b762a740-b47d-4143-a592-3e713ecea02f" />
      <TestMethod codeBase="C:/mydev/Incyte/Test/bin/Debug/Test.DLL" adapterTypeName="Microsoft.VisualStudio.TestTools.TestTypes.Unit.UnitTestAdapter, Microsoft.VisualStudio.QualityTools.Tips.UnitTest.Adapter, Version=10.0.0.0, Culture=neutral, PublicKeyToken=b03f5f7f11d50a3a" className="Test.BusinessServiceTest, Test, Version=1.0.0.0, Culture=neutral, PublicKeyToken=null" name="BusinessGetWithDB" />
    </UnitTest>
    <UnitTest name="UserInfoFemaleCreateDB" storage="c:\mydev\incyte\test\bin\debug\test.dll" id="ffa14a88-2b0f-087b-2a81-cf125abdf1e1">
      <Execution id="f05b6419-9699-405b-bc27-625506f10cf2" />
      <TestMethod codeBase="C:/mydev/Incyte/Test/bin/Debug/Test.DLL" adapterTypeName="Microsoft.VisualStudio.TestTools.TestTypes.Unit.UnitTestAdapter, Microsoft.VisualStudio.QualityTools.Tips.UnitTest.Adapter, Version=10.0.0.0, Culture=neutral, PublicKeyToken=b03f5f7f11d50a3a" className="Test.UserServiceTestDB, Test, Version=1.0.0.0, Culture=neutral, PublicKeyToken=null" name="UserInfoFemaleCreateDB" />
    </UnitTest>
    <UnitTest name="UserLoginCreateDB" storage="c:\mydev\incyte\test\bin\debug\test.dll" id="12fac4e0-69ff-0457-3c20-7fc9b8977a24">
      <Execution id="2e292fe8-80ce-446b-8c50-769cbcfbcfab" />
      <TestMethod codeBase="C:/mydev/Incyte/Test/bin/Debug/Test.DLL" adapterTypeName="Microsoft.VisualStudio.TestTools.TestTypes.Unit.UnitTestAdapter, Microsoft.VisualStudio.QualityTools.Tips.UnitTest.Adapter, Version=10.0.0.0, Culture=neutral, PublicKeyToken=b03f5f7f11d50a3a" className="Test.UserServiceTestDB, Test, Version=1.0.0.0, Culture=neutral, PublicKeyToken=null" name="UserLoginCreateDB" />
    </UnitTest>
    <UnitTest name="VisibleProfilesByBusinessGet" storage="c:\mydev\incyte\test\bin\debug\test.dll" id="94df77a2-9782-7d32-6127-43a97a76246e">
      <Execution id="137428c1-beeb-4f6d-94a9-e847b2ff41d4" />
      <TestMethod codeBase="C:/mydev/Incyte/Test/bin/Debug/Test.DLL" adapterTypeName="Microsoft.VisualStudio.TestTools.TestTypes.Unit.UnitTestAdapter, Microsoft.VisualStudio.QualityTools.Tips.UnitTest.Adapter, Version=10.0.0.0, Culture=neutral, PublicKeyToken=b03f5f7f11d50a3a" className="Test.UserServiceTest, Test, Version=1.0.0.0, Culture=neutral, PublicKeyToken=null" name="VisibleProfilesByBusinessGet" />
    </UnitTest>
    <UnitTest name="CheckoutCreateDB" storage="c:\mydev\incyte\test\bin\debug\test.dll" id="11ef5593-333e-be35-d461-00effd8ef353">
      <Execution id="61fb7700-72c1-403b-8804-e353a4786a8a" />
      <TestMethod codeBase="C:/mydev/Incyte/Test/bin/Debug/Test.DLL" adapterTypeName="Microsoft.VisualStudio.TestTools.TestTypes.Unit.UnitTestAdapter, Microsoft.VisualStudio.QualityTools.Tips.UnitTest.Adapter, Version=10.0.0.0, Culture=neutral, PublicKeyToken=b03f5f7f11d50a3a" className="Test.UserServiceTestDB, Test, Version=1.0.0.0, Culture=neutral, PublicKeyToken=null" name="CheckoutCreateDB" />
    </UnitTest>
    <UnitTest name="BusinessGetWithMock" storage="c:\mydev\incyte\test\bin\debug\test.dll" id="27efbd9f-8ccb-47bc-3631-9e1f574da0ed">
      <Execution id="44b27e2b-543c-42de-b44a-c5ff3bef4de1" />
      <TestMethod codeBase="C:/mydev/Incyte/Test/bin/Debug/Test.DLL" adapterTypeName="Microsoft.VisualStudio.TestTools.TestTypes.Unit.UnitTestAdapter, Microsoft.VisualStudio.QualityTools.Tips.UnitTest.Adapter, Version=10.0.0.0, Culture=neutral, PublicKeyToken=b03f5f7f11d50a3a" className="Test.BusinessServiceTest, Test, Version=1.0.0.0, Culture=neutral, PublicKeyToken=null" name="BusinessGetWithMock" />
    </UnitTest>
    <UnitTest name="HangupFail" storage="c:\mydev\incyte\test\bin\debug\test.dll" id="e70d4088-3756-d06d-0435-266d8121c377">
      <Execution id="757d99cb-0c18-472c-a25b-6b21966232f1" />
      <TestMethod codeBase="C:/mydev/Incyte/Test/bin/Debug/Test.DLL" adapterTypeName="Microsoft.VisualStudio.TestTools.TestTypes.Unit.UnitTestAdapter, Microsoft.VisualStudio.QualityTools.Tips.UnitTest.Adapter, Version=10.0.0.0, Culture=neutral, PublicKeyToken=b03f5f7f11d50a3a" className="Test.UserServiceTest, Test, Version=1.0.0.0, Culture=neutral, PublicKeyToken=null" name="HangupFail" />
    </UnitTest>
    <UnitTest name="RevertInterest" storage="c:\mydev\incyte\test\bin\debug\test.dll" id="8e11be20-dcc8-b441-0e20-33077a5da162">
      <Execution id="40ec8510-11ff-4f39-a342-ce0035eb5e84" />
      <TestMethod codeBase="C:/mydev/Incyte/Test/bin/Debug/Test.DLL" adapterTypeName="Microsoft.VisualStudio.TestTools.TestTypes.Unit.UnitTestAdapter, Microsoft.VisualStudio.QualityTools.Tips.UnitTest.Adapter, Version=10.0.0.0, Culture=neutral, PublicKeyToken=b03f5f7f11d50a3a" className="Test.UserServiceTest, Test, Version=1.0.0.0, Culture=neutral, PublicKeyToken=null" name="RevertInterest" />
    </UnitTest>
    <UnitTest name="CheckoutCreate" storage="c:\mydev\incyte\test\bin\debug\test.dll" id="f26afacb-9289-ac6c-38a7-7645a59c772b">
      <Execution id="38ecd89c-05cb-4ae9-8272-c11aa57b8dbb" />
      <TestMethod codeBase="C:/mydev/Incyte/Test/bin/Debug/Test.DLL" adapterTypeName="Microsoft.VisualStudio.TestTools.TestTypes.Unit.UnitTestAdapter, Microsoft.VisualStudio.QualityTools.Tips.UnitTest.Adapter, Version=10.0.0.0, Culture=neutral, PublicKeyToken=b03f5f7f11d50a3a" className="Test.UserServiceTest, Test, Version=1.0.0.0, Culture=neutral, PublicKeyToken=null" name="CheckoutCreate" />
    </UnitTest>
    <UnitTest name="CheckinCreate" storage="c:\mydev\incyte\test\bin\debug\test.dll" id="79f1ffd3-6454-fadb-42ed-47e3b37f87ec">
      <Execution id="765f77bf-567f-496a-9dbf-f9e0afb68915" />
      <TestMethod codeBase="C:/mydev/Incyte/Test/bin/Debug/Test.DLL" adapterTypeName="Microsoft.VisualStudio.TestTools.TestTypes.Unit.UnitTestAdapter, Microsoft.VisualStudio.QualityTools.Tips.UnitTest.Adapter, Version=10.0.0.0, Culture=neutral, PublicKeyToken=b03f5f7f11d50a3a" className="Test.UserServiceTest, Test, Version=1.0.0.0, Culture=neutral, PublicKeyToken=null" name="CheckinCreate" />
    </UnitTest>
    <UnitTest name="ShowInterestFail" storage="c:\mydev\incyte\test\bin\debug\test.dll" id="0245c92a-89ea-c8dd-19f2-548a9ed0c8f6">
      <Execution id="7a7b643c-e47c-4ec9-994a-ee1e135e3a7e" />
      <TestMethod codeBase="C:/mydev/Incyte/Test/bin/Debug/Test.DLL" adapterTypeName="Microsoft.VisualStudio.TestTools.TestTypes.Unit.UnitTestAdapter, Microsoft.VisualStudio.QualityTools.Tips.UnitTest.Adapter, Version=10.0.0.0, Culture=neutral, PublicKeyToken=b03f5f7f11d50a3a" className="Test.UserServiceTest, Test, Version=1.0.0.0, Culture=neutral, PublicKeyToken=null" name="ShowInterestFail" />
    </UnitTest>
    <UnitTest name="ShowInterest" storage="c:\mydev\incyte\test\bin\debug\test.dll" id="3eb1e12c-9c03-8f26-5c42-7f1f24c9bbfc">
      <Execution id="a573d601-6f0b-420f-ad34-b81563c5d36a" />
      <TestMethod codeBase="C:/mydev/Incyte/Test/bin/Debug/Test.DLL" adapterTypeName="Microsoft.VisualStudio.TestTools.TestTypes.Unit.UnitTestAdapter, Microsoft.VisualStudio.QualityTools.Tips.UnitTest.Adapter, Version=10.0.0.0, Culture=neutral, PublicKeyToken=b03f5f7f11d50a3a" className="Test.UserServiceTest, Test, Version=1.0.0.0, Culture=neutral, PublicKeyToken=null" name="ShowInterest" />
    </UnitTest>
    <UnitTest name="CheckinCreateDB" storage="c:\mydev\incyte\test\bin\debug\test.dll" id="3f43c904-aa29-9c6c-e659-5a7c08592202">
      <Execution id="6dfd888b-cae6-45ef-b5cd-021693fc9b47" />
      <TestMethod codeBase="C:/mydev/Incyte/Test/bin/Debug/Test.DLL" adapterTypeName="Microsoft.VisualStudio.TestTools.TestTypes.Unit.UnitTestAdapter, Microsoft.VisualStudio.QualityTools.Tips.UnitTest.Adapter, Version=10.0.0.0, Culture=neutral, PublicKeyToken=b03f5f7f11d50a3a" className="Test.UserServiceTestDB, Test, Version=1.0.0.0, Culture=neutral, PublicKeyToken=null" name="CheckinCreateDB" />
    </UnitTest>
  </TestDefinitions>
  <TestLists>
    <TestList name="Results Not in a List" id="8c84fa94-04c1-424b-9868-57a2d4851a1d" />
    <TestList name="All Loaded Results" id="19431567-8539-422a-85d7-44ee4e166bda" />
  </TestLists>
  <TestEntries>
    <TestEntry testId="0245c92a-89ea-c8dd-19f2-548a9ed0c8f6" executionId="7a7b643c-e47c-4ec9-994a-ee1e135e3a7e" testListId="8c84fa94-04c1-424b-9868-57a2d4851a1d" />
    <TestEntry testId="11ef5593-333e-be35-d461-00effd8ef353" executionId="61fb7700-72c1-403b-8804-e353a4786a8a" testListId="8c84fa94-04c1-424b-9868-57a2d4851a1d" />
    <TestEntry testId="12fac4e0-69ff-0457-3c20-7fc9b8977a24" executionId="2e292fe8-80ce-446b-8c50-769cbcfbcfab" testListId="8c84fa94-04c1-424b-9868-57a2d4851a1d" />
    <TestEntry testId="18056dad-9179-f403-55c3-5e1268fa1b27" executionId="3e49f65d-eca0-46a7-9c36-390ba3620767" testListId="8c84fa94-04c1-424b-9868-57a2d4851a1d" />
    <TestEntry testId="27efbd9f-8ccb-47bc-3631-9e1f574da0ed" executionId="44b27e2b-543c-42de-b44a-c5ff3bef4de1" testListId="8c84fa94-04c1-424b-9868-57a2d4851a1d" />
    <TestEntry testId="3eb1e12c-9c03-8f26-5c42-7f1f24c9bbfc" executionId="a573d601-6f0b-420f-ad34-b81563c5d36a" testListId="8c84fa94-04c1-424b-9868-57a2d4851a1d" />
    <TestEntry testId="3f43c904-aa29-9c6c-e659-5a7c08592202" executionId="6dfd888b-cae6-45ef-b5cd-021693fc9b47" testListId="8c84fa94-04c1-424b-9868-57a2d4851a1d" />
    <TestEntry testId="79f1ffd3-6454-fadb-42ed-47e3b37f87ec" executionId="765f77bf-567f-496a-9dbf-f9e0afb68915" testListId="8c84fa94-04c1-424b-9868-57a2d4851a1d" />
    <TestEntry testId="8e11be20-dcc8-b441-0e20-33077a5da162" executionId="40ec8510-11ff-4f39-a342-ce0035eb5e84" testListId="8c84fa94-04c1-424b-9868-57a2d4851a1d" />
    <TestEntry testId="94df77a2-9782-7d32-6127-43a97a76246e" executionId="137428c1-beeb-4f6d-94a9-e847b2ff41d4" testListId="8c84fa94-04c1-424b-9868-57a2d4851a1d" />
    <TestEntry testId="a326f777-49b1-c27d-14ef-d9db5992cda0" executionId="b762a740-b47d-4143-a592-3e713ecea02f" testListId="8c84fa94-04c1-424b-9868-57a2d4851a1d" />
    <TestEntry testId="bb01bdb4-8334-c16a-f8c2-ae73eedf59ac" executionId="88f85cad-524b-40f3-a177-40290ff0642c" testListId="8c84fa94-04c1-424b-9868-57a2d4851a1d" />
    <TestEntry testId="e70d4088-3756-d06d-0435-266d8121c377" executionId="757d99cb-0c18-472c-a25b-6b21966232f1" testListId="8c84fa94-04c1-424b-9868-57a2d4851a1d" />
    <TestEntry testId="f26afacb-9289-ac6c-38a7-7645a59c772b" executionId="38ecd89c-05cb-4ae9-8272-c11aa57b8dbb" testListId="8c84fa94-04c1-424b-9868-57a2d4851a1d" />
    <TestEntry testId="f9ab5fc8-03a3-f296-790c-13d47ef8153f" executionId="1ed144c6-e075-42e2-9994-4fff6e6a8234" testListId="8c84fa94-04c1-424b-9868-57a2d4851a1d" />
    <TestEntry testId="ffa14a88-2b0f-087b-2a81-cf125abdf1e1" executionId="f05b6419-9699-405b-bc27-625506f10cf2" testListId="8c84fa94-04c1-424b-9868-57a2d4851a1d" />
  </TestEntries>
  <Results>
    <UnitTestResult executionId="7a7b643c-e47c-4ec9-994a-ee1e135e3a7e" testId="0245c92a-89ea-c8dd-19f2-548a9ed0c8f6" testName="ShowInterestFail" computerName="RAGHUGDDSK8R" duration="00:00:00.0145207" startTime="2012-04-27T17:34:52.2527317-07:00" endTime="2012-04-27T17:34:52.4947317-07:00" testType="13cdc9d9-ddb5-4fa4-a97d-d965ccfc6d4b" outcome="Passed" testListId="8c84fa94-04c1-424b-9868-57a2d4851a1d" relativeResultsDirectory="7a7b643c-e47c-4ec9-994a-ee1e135e3a7e">
    </UnitTestResult>
    <UnitTestResult executionId="61fb7700-72c1-403b-8804-e353a4786a8a" testId="11ef5593-333e-be35-d461-00effd8ef353" testName="CheckoutCreateDB" computerName="RAGHUGDDSK8R" duration="00:00:00.0170669" startTime="2012-04-27T17:34:52.4997317-07:00" endTime="2012-04-27T17:34:52.5367317-07:00" testType="13cdc9d9-ddb5-4fa4-a97d-d965ccfc6d4b" outcome="Passed" testListId="8c84fa94-04c1-424b-9868-57a2d4851a1d" relativeResultsDirectory="61fb7700-72c1-403b-8804-e353a4786a8a">
    </UnitTestResult>
    <UnitTestResult executionId="2e292fe8-80ce-446b-8c50-769cbcfbcfab" testId="12fac4e0-69ff-0457-3c20-7fc9b8977a24" testName="UserLoginCreateDB" computerName="RAGHUGDDSK8R" duration="00:00:00.0015132" startTime="2012-04-27T17:34:52.5427317-07:00" endTime="2012-04-27T17:34:52.5607317-07:00" testType="13cdc9d9-ddb5-4fa4-a97d-d965ccfc6d4b" outcome="Passed" testListId="8c84fa94-04c1-424b-9868-57a2d4851a1d" relativeResultsDirectory="2e292fe8-80ce-446b-8c50-769cbcfbcfab">
    </UnitTestResult>
    <UnitTestResult executionId="3e49f65d-eca0-46a7-9c36-390ba3620767" testId="18056dad-9179-f403-55c3-5e1268fa1b27" testName="RevertInterestFail" computerName="RAGHUGDDSK8R" duration="00:00:00.0009697" startTime="2012-04-27T17:34:52.5667317-07:00" endTime="2012-04-27T17:34:52.5817317-07:00" testType="13cdc9d9-ddb5-4fa4-a97d-d965ccfc6d4b" outcome="Passed" testListId="8c84fa94-04c1-424b-9868-57a2d4851a1d" relativeResultsDirectory="3e49f65d-eca0-46a7-9c36-390ba3620767">
    </UnitTestResult>
    <UnitTestResult executionId="44b27e2b-543c-42de-b44a-c5ff3bef4de1" testId="27efbd9f-8ccb-47bc-3631-9e1f574da0ed" testName="BusinessGetWithMock" computerName="RAGHUGDDSK8R" duration="00:00:00.2163419" startTime="2012-04-27T17:34:52.5887317-07:00" endTime="2012-04-27T17:34:52.8097317-07:00" testType="13cdc9d9-ddb5-4fa4-a97d-d965ccfc6d4b" outcome="Passed" testListId="8c84fa94-04c1-424b-9868-57a2d4851a1d" relativeResultsDirectory="44b27e2b-543c-42de-b44a-c5ff3bef4de1">
    </UnitTestResult>
    <UnitTestResult executionId="a573d601-6f0b-420f-ad34-b81563c5d36a" testId="3eb1e12c-9c03-8f26-5c42-7f1f24c9bbfc" testName="ShowInterest" computerName="RAGHUGDDSK8R" duration="00:00:00.0004323" startTime="2012-04-27T17:34:52.8157317-07:00" endTime="2012-04-27T17:34:52.8217317-07:00" testType="13cdc9d9-ddb5-4fa4-a97d-d965ccfc6d4b" outcome="Passed" testListId="8c84fa94-04c1-424b-9868-57a2d4851a1d" relativeResultsDirectory="a573d601-6f0b-420f-ad34-b81563c5d36a">
    </UnitTestResult>
    <UnitTestResult executionId="6dfd888b-cae6-45ef-b5cd-021693fc9b47" testId="3f43c904-aa29-9c6c-e659-5a7c08592202" testName="CheckinCreateDB" computerName="RAGHUGDDSK8R" duration="00:00:00.0020148" startTime="2012-04-27T17:34:52.8267317-07:00" endTime="2012-04-27T17:34:52.8337317-07:00" testType="13cdc9d9-ddb5-4fa4-a97d-d965ccfc6d4b" outcome="Passed" testListId="8c84fa94-04c1-424b-9868-57a2d4851a1d" relativeResultsDirectory="6dfd888b-cae6-45ef-b5cd-021693fc9b47">
    </UnitTestResult>
    <UnitTestResult executionId="765f77bf-567f-496a-9dbf-f9e0afb68915" testId="79f1ffd3-6454-fadb-42ed-47e3b37f87ec" testName="CheckinCreate" computerName="RAGHUGDDSK8R" duration="00:00:00.0003252" startTime="2012-04-27T17:34:52.8377317-07:00" endTime="2012-04-27T17:34:52.8437317-07:00" testType="13cdc9d9-ddb5-4fa4-a97d-d965ccfc6d4b" outcome="Passed" testListId="8c84fa94-04c1-424b-9868-57a2d4851a1d" relativeResultsDirectory="765f77bf-567f-496a-9dbf-f9e0afb68915">
    </UnitTestResult>
    <UnitTestResult executionId="40ec8510-11ff-4f39-a342-ce0035eb5e84" testId="8e11be20-dcc8-b441-0e20-33077a5da162" testName="RevertInterest" computerName="RAGHUGDDSK8R" duration="00:00:00.0002602" startTime="2012-04-27T17:34:52.8477317-07:00" endTime="2012-04-27T17:34:52.8537317-07:00" testType="13cdc9d9-ddb5-4fa4-a97d-d965ccfc6d4b" outcome="Passed" testListId="8c84fa94-04c1-424b-9868-57a2d4851a1d" relativeResultsDirectory="40ec8510-11ff-4f39-a342-ce0035eb5e84">
    </UnitTestResult>
    <UnitTestResult executionId="137428c1-beeb-4f6d-94a9-e847b2ff41d4" testId="94df77a2-9782-7d32-6127-43a97a76246e" testName="VisibleProfilesByBusinessGet" computerName="RAGHUGDDSK8R" duration="00:00:00.0029557" startTime="2012-04-27T17:34:52.8577317-07:00" endTime="2012-04-27T17:34:52.8657317-07:00" testType="13cdc9d9-ddb5-4fa4-a97d-d965ccfc6d4b" outcome="Passed" testListId="8c84fa94-04c1-424b-9868-57a2d4851a1d" relativeResultsDirectory="137428c1-beeb-4f6d-94a9-e847b2ff41d4">
    </UnitTestResult>
    <UnitTestResult executionId="b762a740-b47d-4143-a592-3e713ecea02f" testId="a326f777-49b1-c27d-14ef-d9db5992cda0" testName="BusinessGetWithDB" computerName="RAGHUGDDSK8R" duration="00:00:00.5951811" startTime="2012-04-27T17:34:52.8707317-07:00" endTime="2012-04-27T17:34:53.4717317-07:00" testType="13cdc9d9-ddb5-4fa4-a97d-d965ccfc6d4b" outcome="Passed" testListId="8c84fa94-04c1-424b-9868-57a2d4851a1d" relativeResultsDirectory="b762a740-b47d-4143-a592-3e713ecea02f">
    </UnitTestResult>
    <UnitTestResult executionId="88f85cad-524b-40f3-a177-40290ff0642c" testId="bb01bdb4-8334-c16a-f8c2-ae73eedf59ac" testName="Hangup" computerName="RAGHUGDDSK8R" duration="00:00:00.0002821" startTime="2012-04-27T17:34:53.4867317-07:00" endTime="2012-04-27T17:34:53.4937317-07:00" testType="13cdc9d9-ddb5-4fa4-a97d-d965ccfc6d4b" outcome="Passed" testListId="8c84fa94-04c1-424b-9868-57a2d4851a1d" relativeResultsDirectory="88f85cad-524b-40f3-a177-40290ff0642c">
    </UnitTestResult>
    <UnitTestResult executionId="757d99cb-0c18-472c-a25b-6b21966232f1" testId="e70d4088-3756-d06d-0435-266d8121c377" testName="HangupFail" computerName="RAGHUGDDSK8R" duration="00:00:00.0002567" startTime="2012-04-27T17:34:53.4987317-07:00" endTime="2012-04-27T17:34:53.5057317-07:00" testType="13cdc9d9-ddb5-4fa4-a97d-d965ccfc6d4b" outcome="Passed" testListId="8c84fa94-04c1-424b-9868-57a2d4851a1d" relativeResultsDirectory="757d99cb-0c18-472c-a25b-6b21966232f1">
    </UnitTestResult>
    <UnitTestResult executionId="38ecd89c-05cb-4ae9-8272-c11aa57b8dbb" testId="f26afacb-9289-ac6c-38a7-7645a59c772b" testName="CheckoutCreate" computerName="RAGHUGDDSK8R" duration="00:00:00.0003260" startTime="2012-04-27T17:34:53.5097317-07:00" endTime="2012-04-27T17:34:53.5187317-07:00" testType="13cdc9d9-ddb5-4fa4-a97d-d965ccfc6d4b" outcome="Passed" testListId="8c84fa94-04c1-424b-9868-57a2d4851a1d" relativeResultsDirectory="38ecd89c-05cb-4ae9-8272-c11aa57b8dbb">
    </UnitTestResult>
    <UnitTestResult executionId="1ed144c6-e075-42e2-9994-4fff6e6a8234" testId="f9ab5fc8-03a3-f296-790c-13d47ef8153f" testName="UserInfoCreateDB" computerName="RAGHUGDDSK8R" duration="00:00:00.0063006" startTime="2012-04-27T17:34:53.5227317-07:00" endTime="2012-04-27T17:34:53.5337317-07:00" testType="13cdc9d9-ddb5-4fa4-a97d-d965ccfc6d4b" outcome="Passed" testListId="8c84fa94-04c1-424b-9868-57a2d4851a1d" relativeResultsDirectory="1ed144c6-e075-42e2-9994-4fff6e6a8234">
    </UnitTestResult>
    <UnitTestResult executionId="f05b6419-9699-405b-bc27-625506f10cf2" testId="ffa14a88-2b0f-087b-2a81-cf125abdf1e1" testName="UserInfoFemaleCreateDB" computerName="RAGHUGDDSK8R" duration="00:00:00.0022593" startTime="2012-04-27T17:34:53.5507317-07:00" endTime="2012-04-27T17:34:53.5607317-07:00" testType="13cdc9d9-ddb5-4fa4-a97d-d965ccfc6d4b" outcome="Passed" testListId="8c84fa94-04c1-424b-9868-57a2d4851a1d" relativeResultsDirectory="f05b6419-9699-405b-bc27-625506f10cf2">
    </UnitTestResult>
  </Results>
</TestRun>