<?xml version="1.0" encoding="UTF-8"?>
<TestRun id="8156afcc-7680-4d10-b423-ba7c2227426d" name="raghug@RAGHUGDDSK8R 2012-04-27 17:45:28" runUser="REDMOND\raghug" xmlns="http://microsoft.com/schemas/VisualStudio/TeamTest/2010">
  <TestSettings name="Local" id="0a033359-9003-4ffc-8645-7fa61a9369c1">
    <Description>These are default test settings for a local test run.</Description>
    <Deployment enabled="false" runDeploymentRoot="raghug_RAGHUGDDSK8R 2012-04-27 17_45_28">
      <DeploymentItem filename="C:\mydev\Incyte\BusinessLayer\bin\Debug\BusinessLayer.dll" />
      <DeploymentItem filename="C:\mydev\Incyte\ResourceLayer\bin\Debug\ResourceLayer.dll" />
    </Deployment>
    <Execution>
      <TestTypeSpecific />
      <AgentRule name="Execution Agents">
      </AgentRule>
    </Execution>
  </TestSettings>
  <Times creation="2012-04-27T17:45:28.7624113-07:00" queuing="2012-04-27T17:45:28.7754139-07:00" start="2012-04-27T17:45:28.8374263-07:00" finish="2012-04-27T17:45:29.1264841-07:00" />
  <ResultSummary outcome="Completed">
    <Counters total="1" executed="1" passed="1" error="0" failed="0" timeout="0" aborted="0" inconclusive="0" passedButRunAborted="0" notRunnable="0" notExecuted="0" disconnected="0" warning="0" completed="0" inProgress="0" pending="0" />
  </ResultSummary>
  <TestDefinitions>
    <UnitTest name="CheckoutCreateDB" storage="c:\mydev\incyte\test\bin\debug\test.dll" id="11ef5593-333e-be35-d461-00effd8ef353">
      <Execution id="788c0268-147d-4bfd-adb6-3622221eee90" />
      <TestMethod codeBase="C:/mydev/Incyte/Test/bin/Debug/Test.DLL" adapterTypeName="Microsoft.VisualStudio.TestTools.TestTypes.Unit.UnitTestAdapter, Microsoft.VisualStudio.QualityTools.Tips.UnitTest.Adapter, Version=10.0.0.0, Culture=neutral, PublicKeyToken=b03f5f7f11d50a3a" className="Test.UserServiceTestDB, Test, Version=1.0.0.0, Culture=neutral, PublicKeyToken=null" name="CheckoutCreateDB" />
    </UnitTest>
  </TestDefinitions>
  <TestLists>
    <TestList name="Results Not in a List" id="8c84fa94-04c1-424b-9868-57a2d4851a1d" />
    <TestList name="All Loaded Results" id="19431567-8539-422a-85d7-44ee4e166bda" />
  </TestLists>
  <TestEntries>
    <TestEntry testId="11ef5593-333e-be35-d461-00effd8ef353" executionId="788c0268-147d-4bfd-adb6-3622221eee90" testListId="8c84fa94-04c1-424b-9868-57a2d4851a1d" />
  </TestEntries>
  <Results>
    <UnitTestResult executionId="788c0268-147d-4bfd-adb6-3622221eee90" testId="11ef5593-333e-be35-d461-00effd8ef353" testName="CheckoutCreateDB" computerName="RAGHUGDDSK8R" duration="00:00:00.0391576" startTime="2012-04-27T17:45:28.8444277-07:00" endTime="2012-04-27T17:45:29.1064801-07:00" testType="13cdc9d9-ddb5-4fa4-a97d-d965ccfc6d4b" outcome="Passed" testListId="8c84fa94-04c1-424b-9868-57a2d4851a1d" relativeResultsDirectory="788c0268-147d-4bfd-adb6-3622221eee90">
    </UnitTestResult>
  </Results>
</TestRun>