<?xml version="1.0" encoding="UTF-8"?>
<TestRun id="fcdc2613-b591-4842-9c3b-769a36f2bfa0" name="raghug@RAGHUGDDSK8R 2012-04-27 17:39:50" runUser="REDMOND\raghug" xmlns="http://microsoft.com/schemas/VisualStudio/TeamTest/2010">
  <TestSettings name="Local" id="0a033359-9003-4ffc-8645-7fa61a9369c1">
    <Description>These are default test settings for a local test run.</Description>
    <Deployment enabled="false" runDeploymentRoot="raghug_RAGHUGDDSK8R 2012-04-27 17_39_50">
      <DeploymentItem filename="C:\mydev\Incyte\BusinessLayer\bin\Debug\BusinessLayer.dll" />
      <DeploymentItem filename="C:\mydev\Incyte\ResourceLayer\bin\Debug\ResourceLayer.dll" />
    </Deployment>
    <Execution>
      <TestTypeSpecific />
      <AgentRule name="Execution Agents">
      </AgentRule>
    </Execution>
  </TestSettings>
  <Times creation="2012-04-27T17:39:50.4307317-07:00" queuing="2012-04-27T17:39:50.4467317-07:00" start="2012-04-27T17:39:50.5147317-07:00" finish="2012-04-27T17:39:50.8047317-07:00" />
  <ResultSummary outcome="Completed">
    <Counters total="1" executed="1" passed="1" error="0" failed="0" timeout="0" aborted="0" inconclusive="0" passedButRunAborted="0" notRunnable="0" notExecuted="0" disconnected="0" warning="0" completed="0" inProgress="0" pending="0" />
  </ResultSummary>
  <TestDefinitions>
    <UnitTest name="UserInfoFemaleCreateDB" storage="c:\mydev\incyte\test\bin\debug\test.dll" id="ffa14a88-2b0f-087b-2a81-cf125abdf1e1">
      <Execution id="e6aa3859-d82d-41ad-9500-59ba79006dcd" />
      <TestMethod codeBase="C:/mydev/Incyte/Test/bin/Debug/Test.DLL" adapterTypeName="Microsoft.VisualStudio.TestTools.TestTypes.Unit.UnitTestAdapter, Microsoft.VisualStudio.QualityTools.Tips.UnitTest.Adapter, Version=10.0.0.0, Culture=neutral, PublicKeyToken=b03f5f7f11d50a3a" className="Test.UserServiceTestDB, Test, Version=1.0.0.0, Culture=neutral, PublicKeyToken=null" name="UserInfoFemaleCreateDB" />
    </UnitTest>
  </TestDefinitions>
  <TestLists>
    <TestList name="Results Not in a List" id="8c84fa94-04c1-424b-9868-57a2d4851a1d" />
    <TestList name="All Loaded Results" id="19431567-8539-422a-85d7-44ee4e166bda" />
  </TestLists>
  <TestEntries>
    <TestEntry testId="ffa14a88-2b0f-087b-2a81-cf125abdf1e1" executionId="e6aa3859-d82d-41ad-9500-59ba79006dcd" testListId="8c84fa94-04c1-424b-9868-57a2d4851a1d" />
  </TestEntries>
  <Results>
    <UnitTestResult executionId="e6aa3859-d82d-41ad-9500-59ba79006dcd" testId="ffa14a88-2b0f-087b-2a81-cf125abdf1e1" testName="UserInfoFemaleCreateDB" computerName="RAGHUGDDSK8R" duration="00:00:00.0331795" startTime="2012-04-27T17:39:50.5327317-07:00" endTime="2012-04-27T17:39:50.7837317-07:00" testType="13cdc9d9-ddb5-4fa4-a97d-d965ccfc6d4b" outcome="Passed" testListId="8c84fa94-04c1-424b-9868-57a2d4851a1d" relativeResultsDirectory="e6aa3859-d82d-41ad-9500-59ba79006dcd">
    </UnitTestResult>
  </Results>
</TestRun>