<?xml version="1.0" encoding="UTF-8"?>
<TestRun id="4d2cd051-5678-4828-810d-4981a0fd8144" name="raghug@RAGHUGDDSK8R 2012-06-12 20:41:44" runUser="REDMOND\raghug" xmlns="http://microsoft.com/schemas/VisualStudio/TeamTest/2010">
  <TestSettings name="Local" id="0a033359-9003-4ffc-8645-7fa61a9369c1">
    <Description>These are default test settings for a local test run.</Description>
    <Deployment enabled="false" runDeploymentRoot="raghug_RAGHUGDDSK8R 2012-06-12 20_41_44">
      <DeploymentItem filename="C:\mydev\mynglzall\mynglz\Incyte\BusinessLayer\bin\Debug\BusinessLayer.dll" />
      <DeploymentItem filename="C:\mydev\mynglzall\mynglz\Incyte\ResourceLayer\bin\Debug\ResourceLayer.dll" />
    </Deployment>
    <Execution>
      <TestTypeSpecific />
      <AgentRule name="Execution Agents">
      </AgentRule>
    </Execution>
  </TestSettings>
  <Times creation="2012-06-12T20:41:44.3289068-07:00" queuing="2012-06-12T20:41:50.0519068-07:00" start="2012-06-12T20:41:50.3119068-07:00" finish="2012-06-12T20:42:27.3699068-07:00" />
  <ResultSummary outcome="Error">
    <Counters total="1" executed="1" error="0" failed="0" timeout="0" aborted="1" inconclusive="0" passedButRunAborted="0" notRunnable="0" notExecuted="0" disconnected="0" warning="0" passed="0" completed="0" inProgress="0" pending="0" />
    <RunInfos>
      <RunInfo computerName="RAGHUGDDSK8R" outcome="Error" timestamp="2012-06-12T20:42:27.3679068-07:00">
        <Text>Test host process exited unexpectedly.</Text>
      </RunInfo>
    </RunInfos>
  </ResultSummary>
  <TestDefinitions>
    <UnitTest name="UserChatAddDB" storage="c:\mydev\mynglzall\mynglz\incyte\test\bin\debug\test.dll" id="d4401b7d-ccb6-68cc-17f0-2a326fd1a46f">
      <Execution id="70ee8f20-3a1b-46bb-97a4-fdb7186ffe0c" />
      <TestMethod codeBase="C:/mydev/mynglzall/mynglz/Incyte/Test/bin/Debug/Test.DLL" adapterTypeName="Microsoft.VisualStudio.TestTools.TestTypes.Unit.UnitTestAdapter, Microsoft.VisualStudio.QualityTools.Tips.UnitTest.Adapter, Version=10.0.0.0, Culture=neutral, PublicKeyToken=b03f5f7f11d50a3a" className="Test.UserServiceTestDB, Test, Version=1.0.0.0, Culture=neutral, PublicKeyToken=null" name="UserChatAddDB" />
    </UnitTest>
  </TestDefinitions>
  <TestLists>
    <TestList name="Results Not in a List" id="8c84fa94-04c1-424b-9868-57a2d4851a1d" />
    <TestList name="All Loaded Results" id="19431567-8539-422a-85d7-44ee4e166bda" />
  </TestLists>
  <TestEntries>
    <TestEntry testId="d4401b7d-ccb6-68cc-17f0-2a326fd1a46f" executionId="70ee8f20-3a1b-46bb-97a4-fdb7186ffe0c" testListId="8c84fa94-04c1-424b-9868-57a2d4851a1d" />
  </TestEntries>
  <Results>
    <UnitTestResult executionId="70ee8f20-3a1b-46bb-97a4-fdb7186ffe0c" testId="d4401b7d-ccb6-68cc-17f0-2a326fd1a46f" testName="UserChatAddDB" computerName="RAGHUGDDSK8R" duration="00:00:36.6870000" startTime="2012-06-12T20:41:50.6829068-07:00" endTime="2012-06-12T20:42:27.3699068-07:00" testType="13cdc9d9-ddb5-4fa4-a97d-d965ccfc6d4b" outcome="Aborted" testListId="8c84fa94-04c1-424b-9868-57a2d4851a1d" relativeResultsDirectory="70ee8f20-3a1b-46bb-97a4-fdb7186ffe0c">
    </UnitTestResult>
  </Results>
</TestRun>