<?xml version="1.0" encoding="UTF-8"?>
<TestRun id="c4bf73df-b372-4849-a6c0-579e8843c0d1" name="raghug@RAGHUGDDSK8R 2012-04-27 17:37:02" runUser="REDMOND\raghug" xmlns="http://microsoft.com/schemas/VisualStudio/TeamTest/2010">
  <TestSettings name="Local" id="0a033359-9003-4ffc-8645-7fa61a9369c1">
    <Description>These are default test settings for a local test run.</Description>
    <Deployment enabled="false" runDeploymentRoot="raghug_RAGHUGDDSK8R 2012-04-27 17_37_02">
      <DeploymentItem filename="C:\mydev\Incyte\BusinessLayer\bin\Debug\BusinessLayer.dll" />
      <DeploymentItem filename="C:\mydev\Incyte\ResourceLayer\bin\Debug\ResourceLayer.dll" />
    </Deployment>
    <Execution>
      <TestTypeSpecific />
      <AgentRule name="Execution Agents">
      </AgentRule>
    </Execution>
  </TestSettings>
  <Times creation="2012-04-27T17:37:02.9037317-07:00" queuing="2012-04-27T17:37:02.9177317-07:00" start="2012-04-27T17:37:02.9327317-07:00" finish="2012-04-27T17:37:05.7017317-07:00" />
  <ResultSummary outcome="Completed">
    <Counters total="16" executed="16" passed="16" error="0" failed="0" timeout="0" aborted="0" inconclusive="0" passedButRunAborted="0" notRunnable="0" notExecuted="0" disconnected="0" warning="0" completed="0" inProgress="0" pending="0" />
  </ResultSummary>
  <TestDefinitions>
    <UnitTest name="RevertInterestFail" storage="c:\mydev\incyte\test\bin\debug\test.dll" id="18056dad-9179-f403-55c3-5e1268fa1b27">
      <Execution id="acd8f157-5f2d-4830-86ba-2ce91016bc63" />
      <TestMethod codeBase="C:/mydev/Incyte/Test/bin/Debug/Test.DLL" adapterTypeName="Microsoft.VisualStudio.TestTools.TestTypes.Unit.UnitTestAdapter, Microsoft.VisualStudio.QualityTools.Tips.UnitTest.Adapter, Version=10.0.0.0, Culture=neutral, PublicKeyToken=b03f5f7f11d50a3a" className="Test.UserServiceTest, Test, Version=1.0.0.0, Culture=neutral, PublicKeyToken=null" name="RevertInterestFail" />
    </UnitTest>
    <UnitTest name="UserInfoCreateDB" storage="c:\mydev\incyte\test\bin\debug\test.dll" id="f9ab5fc8-03a3-f296-790c-13d47ef8153f">
      <Execution id="394cb8d8-b65a-4aaa-b894-f71ea89ace2f" />
      <TestMethod codeBase="C:/mydev/Incyte/Test/bin/Debug/Test.DLL" adapterTypeName="Microsoft.VisualStudio.TestTools.TestTypes.Unit.UnitTestAdapter, Microsoft.VisualStudio.QualityTools.Tips.UnitTest.Adapter, Version=10.0.0.0, Culture=neutral, PublicKeyToken=b03f5f7f11d50a3a" className="Test.UserServiceTestDB, Test, Version=1.0.0.0, Culture=neutral, PublicKeyToken=null" name="UserInfoCreateDB" />
    </UnitTest>
    <UnitTest name="Hangup" storage="c:\mydev\incyte\test\bin\debug\test.dll" id="bb01bdb4-8334-c16a-f8c2-ae73eedf59ac">
      <Execution id="324aadac-9601-4e60-9469-a420e2a4ee47" />
      <TestMethod codeBase="C:/mydev/Incyte/Test/bin/Debug/Test.DLL" adapterTypeName="Microsoft.VisualStudio.TestTools.TestTypes.Unit.UnitTestAdapter, Microsoft.VisualStudio.QualityTools.Tips.UnitTest.Adapter, Version=10.0.0.0, Culture=neutral, PublicKeyToken=b03f5f7f11d50a3a" className="Test.UserServiceTest, Test, Version=1.0.0.0, Culture=neutral, PublicKeyToken=null" name="Hangup" />
    </UnitTest>
    <UnitTest name="BusinessGetWithDB" storage="c:\mydev\incyte\test\bin\debug\test.dll" id="a326f777-49b1-c27d-14ef-d9db5992cda0">
      <Execution id="7db50190-5ad9-4432-97cc-610962c0d752" />
      <TestMethod codeBase="C:/mydev/Incyte/Test/bin/Debug/Test.DLL" adapterTypeName="Microsoft.VisualStudio.TestTools.TestTypes.Unit.UnitTestAdapter, Microsoft.VisualStudio.QualityTools.Tips.UnitTest.Adapter, Version=10.0.0.0, Culture=neutral, PublicKeyToken=b03f5f7f11d50a3a" className="Test.BusinessServiceTest, Test, Version=1.0.0.0, Culture=neutral, PublicKeyToken=null" name="BusinessGetWithDB" />
    </UnitTest>
    <UnitTest name="UserInfoFemaleCreateDB" storage="c:\mydev\incyte\test\bin\debug\test.dll" id="ffa14a88-2b0f-087b-2a81-cf125abdf1e1">
      <Execution id="fc2a6263-3002-40d8-8f51-1c964ca38bb0" />
      <TestMethod codeBase="C:/mydev/Incyte/Test/bin/Debug/Test.DLL" adapterTypeName="Microsoft.VisualStudio.TestTools.TestTypes.Unit.UnitTestAdapter, Microsoft.VisualStudio.QualityTools.Tips.UnitTest.Adapter, Version=10.0.0.0, Culture=neutral, PublicKeyToken=b03f5f7f11d50a3a" className="Test.UserServiceTestDB, Test, Version=1.0.0.0, Culture=neutral, PublicKeyToken=null" name="UserInfoFemaleCreateDB" />
    </UnitTest>
    <UnitTest name="UserLoginCreateDB" storage="c:\mydev\incyte\test\bin\debug\test.dll" id="12fac4e0-69ff-0457-3c20-7fc9b8977a24">
      <Execution id="ec4e3d5f-d821-4361-8245-8a99f81669f6" />
      <TestMethod codeBase="C:/mydev/Incyte/Test/bin/Debug/Test.DLL" adapterTypeName="Microsoft.VisualStudio.TestTools.TestTypes.Unit.UnitTestAdapter, Microsoft.VisualStudio.QualityTools.Tips.UnitTest.Adapter, Version=10.0.0.0, Culture=neutral, PublicKeyToken=b03f5f7f11d50a3a" className="Test.UserServiceTestDB, Test, Version=1.0.0.0, Culture=neutral, PublicKeyToken=null" name="UserLoginCreateDB" />
    </UnitTest>
    <UnitTest name="VisibleProfilesByBusinessGet" storage="c:\mydev\incyte\test\bin\debug\test.dll" id="94df77a2-9782-7d32-6127-43a97a76246e">
      <Execution id="328b867a-7270-4363-b3d9-14318d7fe954" />
      <TestMethod codeBase="C:/mydev/Incyte/Test/bin/Debug/Test.DLL" adapterTypeName="Microsoft.VisualStudio.TestTools.TestTypes.Unit.UnitTestAdapter, Microsoft.VisualStudio.QualityTools.Tips.UnitTest.Adapter, Version=10.0.0.0, Culture=neutral, PublicKeyToken=b03f5f7f11d50a3a" className="Test.UserServiceTest, Test, Version=1.0.0.0, Culture=neutral, PublicKeyToken=null" name="VisibleProfilesByBusinessGet" />
    </UnitTest>
    <UnitTest name="CheckoutCreateDB" storage="c:\mydev\incyte\test\bin\debug\test.dll" id="11ef5593-333e-be35-d461-00effd8ef353">
      <Execution id="a2f904f1-af0a-4f0f-9ea9-aace41f0a5a0" />
      <TestMethod codeBase="C:/mydev/Incyte/Test/bin/Debug/Test.DLL" adapterTypeName="Microsoft.VisualStudio.TestTools.TestTypes.Unit.UnitTestAdapter, Microsoft.VisualStudio.QualityTools.Tips.UnitTest.Adapter, Version=10.0.0.0, Culture=neutral, PublicKeyToken=b03f5f7f11d50a3a" className="Test.UserServiceTestDB, Test, Version=1.0.0.0, Culture=neutral, PublicKeyToken=null" name="CheckoutCreateDB" />
    </UnitTest>
    <UnitTest name="BusinessGetWithMock" storage="c:\mydev\incyte\test\bin\debug\test.dll" id="27efbd9f-8ccb-47bc-3631-9e1f574da0ed">
      <Execution id="e745eaf3-d2f0-4be9-91f9-e586665d45d2" />
      <TestMethod codeBase="C:/mydev/Incyte/Test/bin/Debug/Test.DLL" adapterTypeName="Microsoft.VisualStudio.TestTools.TestTypes.Unit.UnitTestAdapter, Microsoft.VisualStudio.QualityTools.Tips.UnitTest.Adapter, Version=10.0.0.0, Culture=neutral, PublicKeyToken=b03f5f7f11d50a3a" className="Test.BusinessServiceTest, Test, Version=1.0.0.0, Culture=neutral, PublicKeyToken=null" name="BusinessGetWithMock" />
    </UnitTest>
    <UnitTest name="HangupFail" storage="c:\mydev\incyte\test\bin\debug\test.dll" id="e70d4088-3756-d06d-0435-266d8121c377">
      <Execution id="e9752a5f-c960-46e1-a4e1-07220dd51486" />
      <TestMethod codeBase="C:/mydev/Incyte/Test/bin/Debug/Test.DLL" adapterTypeName="Microsoft.VisualStudio.TestTools.TestTypes.Unit.UnitTestAdapter, Microsoft.VisualStudio.QualityTools.Tips.UnitTest.Adapter, Version=10.0.0.0, Culture=neutral, PublicKeyToken=b03f5f7f11d50a3a" className="Test.UserServiceTest, Test, Version=1.0.0.0, Culture=neutral, PublicKeyToken=null" name="HangupFail" />
    </UnitTest>
    <UnitTest name="RevertInterest" storage="c:\mydev\incyte\test\bin\debug\test.dll" id="8e11be20-dcc8-b441-0e20-33077a5da162">
      <Execution id="5e2ad428-a186-4838-ac2c-8954b1ef506b" />
      <TestMethod codeBase="C:/mydev/Incyte/Test/bin/Debug/Test.DLL" adapterTypeName="Microsoft.VisualStudio.TestTools.TestTypes.Unit.UnitTestAdapter, Microsoft.VisualStudio.QualityTools.Tips.UnitTest.Adapter, Version=10.0.0.0, Culture=neutral, PublicKeyToken=b03f5f7f11d50a3a" className="Test.UserServiceTest, Test, Version=1.0.0.0, Culture=neutral, PublicKeyToken=null" name="RevertInterest" />
    </UnitTest>
    <UnitTest name="CheckoutCreate" storage="c:\mydev\incyte\test\bin\debug\test.dll" id="f26afacb-9289-ac6c-38a7-7645a59c772b">
      <Execution id="61999604-54d3-4968-b9ca-eee2fe2159f1" />
      <TestMethod codeBase="C:/mydev/Incyte/Test/bin/Debug/Test.DLL" adapterTypeName="Microsoft.VisualStudio.TestTools.TestTypes.Unit.UnitTestAdapter, Microsoft.VisualStudio.QualityTools.Tips.UnitTest.Adapter, Version=10.0.0.0, Culture=neutral, PublicKeyToken=b03f5f7f11d50a3a" className="Test.UserServiceTest, Test, Version=1.0.0.0, Culture=neutral, PublicKeyToken=null" name="CheckoutCreate" />
    </UnitTest>
    <UnitTest name="CheckinCreate" storage="c:\mydev\incyte\test\bin\debug\test.dll" id="79f1ffd3-6454-fadb-42ed-47e3b37f87ec">
      <Execution id="288d09c2-09c2-416f-b14a-741e0903b862" />
      <TestMethod codeBase="C:/mydev/Incyte/Test/bin/Debug/Test.DLL" adapterTypeName="Microsoft.VisualStudio.TestTools.TestTypes.Unit.UnitTestAdapter, Microsoft.VisualStudio.QualityTools.Tips.UnitTest.Adapter, Version=10.0.0.0, Culture=neutral, PublicKeyToken=b03f5f7f11d50a3a" className="Test.UserServiceTest, Test, Version=1.0.0.0, Culture=neutral, PublicKeyToken=null" name="CheckinCreate" />
    </UnitTest>
    <UnitTest name="ShowInterestFail" storage="c:\mydev\incyte\test\bin\debug\test.dll" id="0245c92a-89ea-c8dd-19f2-548a9ed0c8f6">
      <Execution id="309df34f-3902-4de6-b5f1-650af94c02e7" />
      <TestMethod codeBase="C:/mydev/Incyte/Test/bin/Debug/Test.DLL" adapterTypeName="Microsoft.VisualStudio.TestTools.TestTypes.Unit.UnitTestAdapter, Microsoft.VisualStudio.QualityTools.Tips.UnitTest.Adapter, Version=10.0.0.0, Culture=neutral, PublicKeyToken=b03f5f7f11d50a3a" className="Test.UserServiceTest, Test, Version=1.0.0.0, Culture=neutral, PublicKeyToken=null" name="ShowInterestFail" />
    </UnitTest>
    <UnitTest name="ShowInterest" storage="c:\mydev\incyte\test\bin\debug\test.dll" id="3eb1e12c-9c03-8f26-5c42-7f1f24c9bbfc">
      <Execution id="629f5205-fbc5-42c0-bf0e-13bcb5b7e621" />
      <TestMethod codeBase="C:/mydev/Incyte/Test/bin/Debug/Test.DLL" adapterTypeName="Microsoft.VisualStudio.TestTools.TestTypes.Unit.UnitTestAdapter, Microsoft.VisualStudio.QualityTools.Tips.UnitTest.Adapter, Version=10.0.0.0, Culture=neutral, PublicKeyToken=b03f5f7f11d50a3a" className="Test.UserServiceTest, Test, Version=1.0.0.0, Culture=neutral, PublicKeyToken=null" name="ShowInterest" />
    </UnitTest>
    <UnitTest name="CheckinCreateDB" storage="c:\mydev\incyte\test\bin\debug\test.dll" id="3f43c904-aa29-9c6c-e659-5a7c08592202">
      <Execution id="bde08890-4ede-41ee-b0d8-49718aa9bb61" />
      <TestMethod codeBase="C:/mydev/Incyte/Test/bin/Debug/Test.DLL" adapterTypeName="Microsoft.VisualStudio.TestTools.TestTypes.Unit.UnitTestAdapter, Microsoft.VisualStudio.QualityTools.Tips.UnitTest.Adapter, Version=10.0.0.0, Culture=neutral, PublicKeyToken=b03f5f7f11d50a3a" className="Test.UserServiceTestDB, Test, Version=1.0.0.0, Culture=neutral, PublicKeyToken=null" name="CheckinCreateDB" />
    </UnitTest>
  </TestDefinitions>
  <TestLists>
    <TestList name="Results Not in a List" id="8c84fa94-04c1-424b-9868-57a2d4851a1d" />
    <TestList name="All Loaded Results" id="19431567-8539-422a-85d7-44ee4e166bda" />
  </TestLists>
  <TestEntries>
    <TestEntry testId="0245c92a-89ea-c8dd-19f2-548a9ed0c8f6" executionId="309df34f-3902-4de6-b5f1-650af94c02e7" testListId="8c84fa94-04c1-424b-9868-57a2d4851a1d" />
    <TestEntry testId="11ef5593-333e-be35-d461-00effd8ef353" executionId="a2f904f1-af0a-4f0f-9ea9-aace41f0a5a0" testListId="8c84fa94-04c1-424b-9868-57a2d4851a1d" />
    <TestEntry testId="12fac4e0-69ff-0457-3c20-7fc9b8977a24" executionId="ec4e3d5f-d821-4361-8245-8a99f81669f6" testListId="8c84fa94-04c1-424b-9868-57a2d4851a1d" />
    <TestEntry testId="18056dad-9179-f403-55c3-5e1268fa1b27" executionId="acd8f157-5f2d-4830-86ba-2ce91016bc63" testListId="8c84fa94-04c1-424b-9868-57a2d4851a1d" />
    <TestEntry testId="27efbd9f-8ccb-47bc-3631-9e1f574da0ed" executionId="e745eaf3-d2f0-4be9-91f9-e586665d45d2" testListId="8c84fa94-04c1-424b-9868-57a2d4851a1d" />
    <TestEntry testId="3eb1e12c-9c03-8f26-5c42-7f1f24c9bbfc" executionId="629f5205-fbc5-42c0-bf0e-13bcb5b7e621" testListId="8c84fa94-04c1-424b-9868-57a2d4851a1d" />
    <TestEntry testId="3f43c904-aa29-9c6c-e659-5a7c08592202" executionId="bde08890-4ede-41ee-b0d8-49718aa9bb61" testListId="8c84fa94-04c1-424b-9868-57a2d4851a1d" />
    <TestEntry testId="79f1ffd3-6454-fadb-42ed-47e3b37f87ec" executionId="288d09c2-09c2-416f-b14a-741e0903b862" testListId="8c84fa94-04c1-424b-9868-57a2d4851a1d" />
    <TestEntry testId="8e11be20-dcc8-b441-0e20-33077a5da162" executionId="5e2ad428-a186-4838-ac2c-8954b1ef506b" testListId="8c84fa94-04c1-424b-9868-57a2d4851a1d" />
    <TestEntry testId="94df77a2-9782-7d32-6127-43a97a76246e" executionId="328b867a-7270-4363-b3d9-14318d7fe954" testListId="8c84fa94-04c1-424b-9868-57a2d4851a1d" />
    <TestEntry testId="a326f777-49b1-c27d-14ef-d9db5992cda0" executionId="7db50190-5ad9-4432-97cc-610962c0d752" testListId="8c84fa94-04c1-424b-9868-57a2d4851a1d" />
    <TestEntry testId="bb01bdb4-8334-c16a-f8c2-ae73eedf59ac" executionId="324aadac-9601-4e60-9469-a420e2a4ee47" testListId="8c84fa94-04c1-424b-9868-57a2d4851a1d" />
    <TestEntry testId="e70d4088-3756-d06d-0435-266d8121c377" executionId="e9752a5f-c960-46e1-a4e1-07220dd51486" testListId="8c84fa94-04c1-424b-9868-57a2d4851a1d" />
    <TestEntry testId="f26afacb-9289-ac6c-38a7-7645a59c772b" executionId="61999604-54d3-4968-b9ca-eee2fe2159f1" testListId="8c84fa94-04c1-424b-9868-57a2d4851a1d" />
    <TestEntry testId="f9ab5fc8-03a3-f296-790c-13d47ef8153f" executionId="394cb8d8-b65a-4aaa-b894-f71ea89ace2f" testListId="8c84fa94-04c1-424b-9868-57a2d4851a1d" />
    <TestEntry testId="ffa14a88-2b0f-087b-2a81-cf125abdf1e1" executionId="fc2a6263-3002-40d8-8f51-1c964ca38bb0" testListId="8c84fa94-04c1-424b-9868-57a2d4851a1d" />
  </TestEntries>
  <Results>
    <UnitTestResult executionId="309df34f-3902-4de6-b5f1-650af94c02e7" testId="0245c92a-89ea-c8dd-19f2-548a9ed0c8f6" testName="ShowInterestFail" computerName="RAGHUGDDSK8R" duration="00:00:00.0149642" startTime="2012-04-27T17:37:02.9567317-07:00" endTime="2012-04-27T17:37:03.1927317-07:00" testType="13cdc9d9-ddb5-4fa4-a97d-d965ccfc6d4b" outcome="Passed" testListId="8c84fa94-04c1-424b-9868-57a2d4851a1d" relativeResultsDirectory="309df34f-3902-4de6-b5f1-650af94c02e7">
    </UnitTestResult>
    <UnitTestResult executionId="a2f904f1-af0a-4f0f-9ea9-aace41f0a5a0" testId="11ef5593-333e-be35-d461-00effd8ef353" testName="CheckoutCreateDB" computerName="RAGHUGDDSK8R" duration="00:00:00.0152502" startTime="2012-04-27T17:37:03.2087317-07:00" endTime="2012-04-27T17:37:03.2287317-07:00" testType="13cdc9d9-ddb5-4fa4-a97d-d965ccfc6d4b" outcome="Passed" testListId="8c84fa94-04c1-424b-9868-57a2d4851a1d" relativeResultsDirectory="a2f904f1-af0a-4f0f-9ea9-aace41f0a5a0">
    </UnitTestResult>
    <UnitTestResult executionId="ec4e3d5f-d821-4361-8245-8a99f81669f6" testId="12fac4e0-69ff-0457-3c20-7fc9b8977a24" testName="UserLoginCreateDB" computerName="RAGHUGDDSK8R" duration="00:00:00.0006948" startTime="2012-04-27T17:37:03.2327317-07:00" endTime="2012-04-27T17:37:03.2377317-07:00" testType="13cdc9d9-ddb5-4fa4-a97d-d965ccfc6d4b" outcome="Passed" testListId="8c84fa94-04c1-424b-9868-57a2d4851a1d" relativeResultsDirectory="ec4e3d5f-d821-4361-8245-8a99f81669f6">
    </UnitTestResult>
    <UnitTestResult executionId="acd8f157-5f2d-4830-86ba-2ce91016bc63" testId="18056dad-9179-f403-55c3-5e1268fa1b27" testName="RevertInterestFail" computerName="RAGHUGDDSK8R" duration="00:00:00.0002444" startTime="2012-04-27T17:37:03.2417317-07:00" endTime="2012-04-27T17:37:03.2467317-07:00" testType="13cdc9d9-ddb5-4fa4-a97d-d965ccfc6d4b" outcome="Passed" testListId="8c84fa94-04c1-424b-9868-57a2d4851a1d" relativeResultsDirectory="acd8f157-5f2d-4830-86ba-2ce91016bc63">
    </UnitTestResult>
    <UnitTestResult executionId="e745eaf3-d2f0-4be9-91f9-e586665d45d2" testId="27efbd9f-8ccb-47bc-3631-9e1f574da0ed" testName="BusinessGetWithMock" computerName="RAGHUGDDSK8R" duration="00:00:00.2174217" startTime="2012-04-27T17:37:03.2517317-07:00" endTime="2012-04-27T17:37:03.4747317-07:00" testType="13cdc9d9-ddb5-4fa4-a97d-d965ccfc6d4b" outcome="Passed" testListId="8c84fa94-04c1-424b-9868-57a2d4851a1d" relativeResultsDirectory="e745eaf3-d2f0-4be9-91f9-e586665d45d2">
    </UnitTestResult>
    <UnitTestResult executionId="629f5205-fbc5-42c0-bf0e-13bcb5b7e621" testId="3eb1e12c-9c03-8f26-5c42-7f1f24c9bbfc" testName="ShowInterest" computerName="RAGHUGDDSK8R" duration="00:00:00.0005247" startTime="2012-04-27T17:37:03.4797317-07:00" endTime="2012-04-27T17:37:03.4857317-07:00" testType="13cdc9d9-ddb5-4fa4-a97d-d965ccfc6d4b" outcome="Passed" testListId="8c84fa94-04c1-424b-9868-57a2d4851a1d" relativeResultsDirectory="629f5205-fbc5-42c0-bf0e-13bcb5b7e621">
    </UnitTestResult>
    <UnitTestResult executionId="bde08890-4ede-41ee-b0d8-49718aa9bb61" testId="3f43c904-aa29-9c6c-e659-5a7c08592202" testName="CheckinCreateDB" computerName="RAGHUGDDSK8R" duration="00:00:00.0024044" startTime="2012-04-27T17:37:03.4897317-07:00" endTime="2012-04-27T17:37:03.4967317-07:00" testType="13cdc9d9-ddb5-4fa4-a97d-d965ccfc6d4b" outcome="Passed" testListId="8c84fa94-04c1-424b-9868-57a2d4851a1d" relativeResultsDirectory="bde08890-4ede-41ee-b0d8-49718aa9bb61">
    </UnitTestResult>
    <UnitTestResult executionId="288d09c2-09c2-416f-b14a-741e0903b862" testId="79f1ffd3-6454-fadb-42ed-47e3b37f87ec" testName="CheckinCreate" computerName="RAGHUGDDSK8R" duration="00:00:00.0003202" startTime="2012-04-27T17:37:03.5007317-07:00" endTime="2012-04-27T17:37:03.5067317-07:00" testType="13cdc9d9-ddb5-4fa4-a97d-d965ccfc6d4b" outcome="Passed" testListId="8c84fa94-04c1-424b-9868-57a2d4851a1d" relativeResultsDirectory="288d09c2-09c2-416f-b14a-741e0903b862">
    </UnitTestResult>
    <UnitTestResult executionId="5e2ad428-a186-4838-ac2c-8954b1ef506b" testId="8e11be20-dcc8-b441-0e20-33077a5da162" testName="RevertInterest" computerName="RAGHUGDDSK8R" duration="00:00:00.0002652" startTime="2012-04-27T17:37:03.5117317-07:00" endTime="2012-04-27T17:37:03.5187317-07:00" testType="13cdc9d9-ddb5-4fa4-a97d-d965ccfc6d4b" outcome="Passed" testListId="8c84fa94-04c1-424b-9868-57a2d4851a1d" relativeResultsDirectory="5e2ad428-a186-4838-ac2c-8954b1ef506b">
    </UnitTestResult>
    <UnitTestResult executionId="328b867a-7270-4363-b3d9-14318d7fe954" testId="94df77a2-9782-7d32-6127-43a97a76246e" testName="VisibleProfilesByBusinessGet" computerName="RAGHUGDDSK8R" duration="00:00:00.0029699" startTime="2012-04-27T17:37:03.5227317-07:00" endTime="2012-04-27T17:37:03.5317317-07:00" testType="13cdc9d9-ddb5-4fa4-a97d-d965ccfc6d4b" outcome="Passed" testListId="8c84fa94-04c1-424b-9868-57a2d4851a1d" relativeResultsDirectory="328b867a-7270-4363-b3d9-14318d7fe954">
    </UnitTestResult>
    <UnitTestResult executionId="7db50190-5ad9-4432-97cc-610962c0d752" testId="a326f777-49b1-c27d-14ef-d9db5992cda0" testName="BusinessGetWithDB" computerName="RAGHUGDDSK8R" duration="00:00:00.5350562" startTime="2012-04-27T17:37:03.5357317-07:00" endTime="2012-04-27T17:37:04.0817317-07:00" testType="13cdc9d9-ddb5-4fa4-a97d-d965ccfc6d4b" outcome="Passed" testListId="8c84fa94-04c1-424b-9868-57a2d4851a1d" relativeResultsDirectory="7db50190-5ad9-4432-97cc-610962c0d752">
    </UnitTestResult>
    <UnitTestResult executionId="324aadac-9601-4e60-9469-a420e2a4ee47" testId="bb01bdb4-8334-c16a-f8c2-ae73eedf59ac" testName="Hangup" computerName="RAGHUGDDSK8R" duration="00:00:00.0009554" startTime="2012-04-27T17:37:04.0897317-07:00" endTime="2012-04-27T17:37:04.0987317-07:00" testType="13cdc9d9-ddb5-4fa4-a97d-d965ccfc6d4b" outcome="Passed" testListId="8c84fa94-04c1-424b-9868-57a2d4851a1d" relativeResultsDirectory="324aadac-9601-4e60-9469-a420e2a4ee47">
    </UnitTestResult>
    <UnitTestResult executionId="e9752a5f-c960-46e1-a4e1-07220dd51486" testId="e70d4088-3756-d06d-0435-266d8121c377" testName="HangupFail" computerName="RAGHUGDDSK8R" duration="00:00:00.0002529" startTime="2012-04-27T17:37:04.1037317-07:00" endTime="2012-04-27T17:37:04.1097317-07:00" testType="13cdc9d9-ddb5-4fa4-a97d-d965ccfc6d4b" outcome="Passed" testListId="8c84fa94-04c1-424b-9868-57a2d4851a1d" relativeResultsDirectory="e9752a5f-c960-46e1-a4e1-07220dd51486">
    </UnitTestResult>
    <UnitTestResult executionId="61999604-54d3-4968-b9ca-eee2fe2159f1" testId="f26afacb-9289-ac6c-38a7-7645a59c772b" testName="CheckoutCreate" computerName="RAGHUGDDSK8R" duration="00:00:00.0003091" startTime="2012-04-27T17:37:04.1137317-07:00" endTime="2012-04-27T17:37:04.1197317-07:00" testType="13cdc9d9-ddb5-4fa4-a97d-d965ccfc6d4b" outcome="Passed" testListId="8c84fa94-04c1-424b-9868-57a2d4851a1d" relativeResultsDirectory="61999604-54d3-4968-b9ca-eee2fe2159f1">
    </UnitTestResult>
    <UnitTestResult executionId="394cb8d8-b65a-4aaa-b894-f71ea89ace2f" testId="f9ab5fc8-03a3-f296-790c-13d47ef8153f" testName="UserInfoCreateDB" computerName="RAGHUGDDSK8R" duration="00:00:00.0051238" startTime="2012-04-27T17:37:04.1227317-07:00" endTime="2012-04-27T17:37:04.1337317-07:00" testType="13cdc9d9-ddb5-4fa4-a97d-d965ccfc6d4b" outcome="Passed" testListId="8c84fa94-04c1-424b-9868-57a2d4851a1d" relativeResultsDirectory="394cb8d8-b65a-4aaa-b894-f71ea89ace2f">
    </UnitTestResult>
    <UnitTestResult executionId="fc2a6263-3002-40d8-8f51-1c964ca38bb0" testId="ffa14a88-2b0f-087b-2a81-cf125abdf1e1" testName="UserInfoFemaleCreateDB" computerName="RAGHUGDDSK8R" duration="00:00:00.0022119" startTime="2012-04-27T17:37:04.1377317-07:00" endTime="2012-04-27T17:37:04.1447317-07:00" testType="13cdc9d9-ddb5-4fa4-a97d-d965ccfc6d4b" outcome="Passed" testListId="8c84fa94-04c1-424b-9868-57a2d4851a1d" relativeResultsDirectory="fc2a6263-3002-40d8-8f51-1c964ca38bb0">
    </UnitTestResult>
  </Results>
</TestRun>