<?xml version="1.0" encoding="UTF-8"?>
<TestRun id="71b4809f-8675-46d4-a1ca-e4714bfbbc99" name="raghug@RAGHUGDDSK8R 2012-06-12 21:03:34" runUser="REDMOND\raghug" xmlns="http://microsoft.com/schemas/VisualStudio/TeamTest/2010">
  <TestSettings name="Local" id="0a033359-9003-4ffc-8645-7fa61a9369c1">
    <Description>These are default test settings for a local test run.</Description>
    <Deployment enabled="false" runDeploymentRoot="raghug_RAGHUGDDSK8R 2012-06-12 21_03_34">
      <DeploymentItem filename="C:\mydev\mynglzall\mynglz\Incyte\BusinessLayer\bin\Debug\BusinessLayer.dll" />
      <DeploymentItem filename="C:\mydev\mynglzall\mynglz\Incyte\ResourceLayer\bin\Debug\ResourceLayer.dll" />
    </Deployment>
    <Execution>
      <TestTypeSpecific />
      <AgentRule name="Execution Agents">
      </AgentRule>
    </Execution>
  </TestSettings>
  <Times creation="2012-06-12T21:03:34.4899068-07:00" queuing="2012-06-12T21:03:36.5959068-07:00" start="2012-06-12T21:03:36.9019068-07:00" finish="2012-06-12T21:03:52.6589068-07:00" />
  <ResultSummary outcome="Completed">
    <Counters total="1" executed="1" passed="1" error="0" failed="0" timeout="0" aborted="0" inconclusive="0" passedButRunAborted="0" notRunnable="0" notExecuted="0" disconnected="0" warning="0" completed="0" inProgress="0" pending="0" />
  </ResultSummary>
  <TestDefinitions>
    <UnitTest name="UserChatAddDB" storage="c:\mydev\mynglzall\mynglz\incyte\test\bin\debug\test.dll" id="d4401b7d-ccb6-68cc-17f0-2a326fd1a46f">
      <Execution id="ccefe6d3-2f25-4853-98e1-624f63297df8" />
      <TestMethod codeBase="C:/mydev/mynglzall/mynglz/Incyte/Test/bin/Debug/Test.DLL" adapterTypeName="Microsoft.VisualStudio.TestTools.TestTypes.Unit.UnitTestAdapter, Microsoft.VisualStudio.QualityTools.Tips.UnitTest.Adapter, Version=10.0.0.0, Culture=neutral, PublicKeyToken=b03f5f7f11d50a3a" className="Test.UserServiceTestDB, Test, Version=1.0.0.0, Culture=neutral, PublicKeyToken=null" name="UserChatAddDB" />
    </UnitTest>
  </TestDefinitions>
  <TestLists>
    <TestList name="Results Not in a List" id="8c84fa94-04c1-424b-9868-57a2d4851a1d" />
    <TestList name="All Loaded Results" id="19431567-8539-422a-85d7-44ee4e166bda" />
  </TestLists>
  <TestEntries>
    <TestEntry testId="d4401b7d-ccb6-68cc-17f0-2a326fd1a46f" executionId="ccefe6d3-2f25-4853-98e1-624f63297df8" testListId="8c84fa94-04c1-424b-9868-57a2d4851a1d" />
  </TestEntries>
  <Results>
    <UnitTestResult executionId="ccefe6d3-2f25-4853-98e1-624f63297df8" testId="d4401b7d-ccb6-68cc-17f0-2a326fd1a46f" testName="UserChatAddDB" computerName="RAGHUGDDSK8R" duration="00:00:10.4908795" startTime="2012-06-12T21:03:37.1169068-07:00" endTime="2012-06-12T21:03:50.9879068-07:00" testType="13cdc9d9-ddb5-4fa4-a97d-d965ccfc6d4b" outcome="Passed" testListId="8c84fa94-04c1-424b-9868-57a2d4851a1d" relativeResultsDirectory="ccefe6d3-2f25-4853-98e1-624f63297df8">
    </UnitTestResult>
  </Results>
</TestRun>