<?xml version="1.0" encoding="UTF-8"?>
<TestRun id="599b702d-e8d9-460f-ae28-af24f84e2b5e" name="T61p@T61P-PC 2012-06-16 13:07:16" runUser="T61p-PC\T61p" xmlns="http://microsoft.com/schemas/VisualStudio/TeamTest/2010">
  <TestSettings name="Local" id="0a033359-9003-4ffc-8645-7fa61a9369c1">
    <Description>These are default test settings for a local test run.</Description>
    <Deployment userDeploymentRoot="C:\mydev\mynglzall\mynglz\Incyte\TestResults" useDefaultDeploymentRoot="false" enabled="false" runDeploymentRoot="T61p_T61P-PC 2012-06-16 13_07_16">
      <DeploymentItem filename="C:\mydev\mynglzall\mynglz\Incyte\BusinessLayer\bin\Debug\BusinessLayer.dll" />
      <DeploymentItem filename="C:\mydev\mynglzall\mynglz\Incyte\ResourceLayer\bin\Debug\ResourceLayer.dll" />
    </Deployment>
    <Execution>
      <TestTypeSpecific />
      <AgentRule name="Execution Agents">
      </AgentRule>
    </Execution>
  </TestSettings>
  <Times creation="2012-06-16T13:07:16.6336808-07:00" queuing="2012-06-16T13:07:18.4877869-07:00" start="2012-06-16T13:07:18.8578080-07:00" finish="2012-06-16T13:07:50.9756451-07:00" />
  <ResultSummary outcome="Error">
    <Counters total="1" executed="1" error="0" failed="0" timeout="0" aborted="1" inconclusive="0" passedButRunAborted="0" notRunnable="0" notExecuted="0" disconnected="0" warning="0" passed="0" completed="0" inProgress="0" pending="0" />
    <RunInfos>
      <RunInfo computerName="T61P-PC" outcome="Error" timestamp="2012-06-16T13:07:50.9676446-07:00">
        <Text>Test host process exited unexpectedly.</Text>
      </RunInfo>
    </RunInfos>
  </ResultSummary>
  <TestDefinitions>
    <UnitTest name="UserChatGetDB" storage="c:\mydev\mynglzall\mynglz\incyte\test\bin\debug\test.dll" id="4b774a1c-c5c7-8aad-4d0a-cb95d16bb38b">
      <Execution id="67438a0f-79ae-45ae-988d-cb099fb21ac8" />
      <TestMethod codeBase="C:/mydev/mynglzall/mynglz/Incyte/Test/bin/Debug/Test.DLL" adapterTypeName="Microsoft.VisualStudio.TestTools.TestTypes.Unit.UnitTestAdapter, Microsoft.VisualStudio.QualityTools.Tips.UnitTest.Adapter, Version=10.0.0.0, Culture=neutral, PublicKeyToken=b03f5f7f11d50a3a" className="Test.UserServiceTestDB, Test, Version=1.0.0.0, Culture=neutral, PublicKeyToken=null" name="UserChatGetDB" />
    </UnitTest>
  </TestDefinitions>
  <TestLists>
    <TestList name="Results Not in a List" id="8c84fa94-04c1-424b-9868-57a2d4851a1d" />
    <TestList name="All Loaded Results" id="19431567-8539-422a-85d7-44ee4e166bda" />
  </TestLists>
  <TestEntries>
    <TestEntry testId="4b774a1c-c5c7-8aad-4d0a-cb95d16bb38b" executionId="67438a0f-79ae-45ae-988d-cb099fb21ac8" testListId="8c84fa94-04c1-424b-9868-57a2d4851a1d" />
  </TestEntries>
  <Results>
    <UnitTestResult executionId="67438a0f-79ae-45ae-988d-cb099fb21ac8" testId="4b774a1c-c5c7-8aad-4d0a-cb95d16bb38b" testName="UserChatGetDB" computerName="T61P-PC" duration="00:00:31.8328208" startTime="2012-06-16T13:07:19.1428243-07:00" endTime="2012-06-16T13:07:50.9756451-07:00" testType="13cdc9d9-ddb5-4fa4-a97d-d965ccfc6d4b" outcome="Aborted" testListId="8c84fa94-04c1-424b-9868-57a2d4851a1d" relativeResultsDirectory="67438a0f-79ae-45ae-988d-cb099fb21ac8">
    </UnitTestResult>
  </Results>
</TestRun>