<?xml version="1.0" encoding="UTF-8"?>
<TestRun id="0914335f-92a6-4d56-9717-9fef48aa6d61" name="T61p@T61P-PC 2012-06-16 13:06:31" runUser="T61p-PC\T61p" xmlns="http://microsoft.com/schemas/VisualStudio/TeamTest/2010">
  <TestSettings name="Local" id="0a033359-9003-4ffc-8645-7fa61a9369c1">
    <Description>These are default test settings for a local test run.</Description>
    <Deployment enabled="false" runDeploymentRoot="T61p_T61P-PC 2012-06-16 13_06_31">
      <DeploymentItem filename="C:\mydev\mynglzall\mynglz\Incyte\BusinessLayer\bin\Debug\BusinessLayer.dll" />
      <DeploymentItem filename="C:\mydev\mynglzall\mynglz\Incyte\ResourceLayer\bin\Debug\ResourceLayer.dll" />
    </Deployment>
    <Execution>
      <TestTypeSpecific />
      <AgentRule name="Execution Agents">
      </AgentRule>
    </Execution>
  </TestSettings>
  <Times creation="2012-06-16T13:06:31.3920931-07:00" queuing="2012-06-16T13:06:35.5483309-07:00" start="2012-06-16T13:06:35.8413476-07:00" finish="2012-06-16T13:07:00.1847400-07:00" />
  <ResultSummary outcome="Error">
    <Counters total="1" executed="1" error="0" failed="0" timeout="0" aborted="1" inconclusive="0" passedButRunAborted="0" notRunnable="0" notExecuted="0" disconnected="0" warning="0" passed="0" completed="0" inProgress="0" pending="0" />
    <RunInfos>
      <RunInfo computerName="T61P-PC" outcome="Error" timestamp="2012-06-16T13:07:00.1827399-07:00">
        <Text>Test host process exited unexpectedly.</Text>
      </RunInfo>
    </RunInfos>
  </ResultSummary>
  <TestDefinitions>
    <UnitTest name="UserChatGetDB" storage="c:\mydev\mynglzall\mynglz\incyte\test\bin\debug\test.dll" id="4b774a1c-c5c7-8aad-4d0a-cb95d16bb38b">
      <Execution id="d87ec073-f16b-41e2-9676-60ebdebc4a4c" />
      <TestMethod codeBase="C:/mydev/mynglzall/mynglz/Incyte/Test/bin/Debug/Test.DLL" adapterTypeName="Microsoft.VisualStudio.TestTools.TestTypes.Unit.UnitTestAdapter, Microsoft.VisualStudio.QualityTools.Tips.UnitTest.Adapter, Version=10.0.0.0, Culture=neutral, PublicKeyToken=b03f5f7f11d50a3a" className="Test.UserServiceTestDB, Test, Version=1.0.0.0, Culture=neutral, PublicKeyToken=null" name="UserChatGetDB" />
    </UnitTest>
  </TestDefinitions>
  <TestLists>
    <TestList name="Results Not in a List" id="8c84fa94-04c1-424b-9868-57a2d4851a1d" />
    <TestList name="All Loaded Results" id="19431567-8539-422a-85d7-44ee4e166bda" />
  </TestLists>
  <TestEntries>
    <TestEntry testId="4b774a1c-c5c7-8aad-4d0a-cb95d16bb38b" executionId="d87ec073-f16b-41e2-9676-60ebdebc4a4c" testListId="8c84fa94-04c1-424b-9868-57a2d4851a1d" />
  </TestEntries>
  <Results>
    <UnitTestResult executionId="d87ec073-f16b-41e2-9676-60ebdebc4a4c" testId="4b774a1c-c5c7-8aad-4d0a-cb95d16bb38b" testName="UserChatGetDB" computerName="T61P-PC" duration="00:00:24.0623763" startTime="2012-06-16T13:06:36.1223637-07:00" endTime="2012-06-16T13:07:00.1847400-07:00" testType="13cdc9d9-ddb5-4fa4-a97d-d965ccfc6d4b" outcome="Aborted" testListId="8c84fa94-04c1-424b-9868-57a2d4851a1d" relativeResultsDirectory="d87ec073-f16b-41e2-9676-60ebdebc4a4c">
    </UnitTestResult>
  </Results>
</TestRun>